<?xml version="1.0" encoding="UTF-8"?>
<!-- Generated by org.testng.reporters.JUnitReportReporter -->
<testsuite skipped="3" hostname="acer-PC" name="com.hybrid.testcases.SendMail" tests="4" failures="0" timestamp="23 Nov 2017 01:30:23 GMT" time="91.043" errors="0">
  <testcase name="SendProcedure" time="0.857" classname="com.hybrid.testcases.SendMail">
    <skipped/>
  </testcase> <!-- SendProcedure -->
  <testcase name="SendProcedure" time="0.369" classname="com.hybrid.testcases.SendMail">
    <skipped/>
  </testcase> <!-- SendProcedure -->
  <testcase name="SendProcedure" time="88.646" classname="com.hybrid.testcases.SendMail"/>
  <testcase name="SendProcedure" time="1.171" classname="com.hybrid.testcases.SendMail">
    <skipped/>
  </testcase> <!-- SendProcedure -->
</testsuite> <!-- com.hybrid.testcases.SendMail -->
